Using pre-set license

 COMMAND LINE ARGUMENTS:
/Users/kuanyiwu/Documents/GitHub/2020.3.13f1/Unity.app/Contents/MacOS/Unity
-adb2
-batchMode
-noUpm
-name
AssetImportWorker0
-projectPath
/Users/kuanyiwu/Documents/GitHub/XReality/Workshops/Game Projects/04_Finding Life on Mars
-logFile
Logs/AssetImportWorker0.log
-srvPort
56668
Successfully changed project path to: /Users/kuanyiwu/Documents/GitHub/XReality/Workshops/Game Projects/04_Finding Life on Mars
/Users/kuanyiwu/Documents/GitHub/XReality/Workshops/Game Projects/04_Finding Life on Mars
Using Asset Import Pipeline V2.
Refreshing native plugins compatible for Editor in 69.42 ms, found 2 plugins.
Preloading 0 native plugins for Editor in 0.00 ms.
Initialize engine version: 2020.3.13f1 (71691879b7f5)
[Subsystems] Discovering subsystems at path /Users/kuanyiwu/Documents/GitHub/2020.3.13f1/Unity.app/Contents/Resources/UnitySubsystems
[Subsystems] Discovering subsystems at path /Users/kuanyiwu/Documents/GitHub/XReality/Workshops/Game Projects/04_Finding Life on Mars/Assets
GfxDevice: creating device client; threaded=0
2021-10-21 16:42:39.323 Unity[4719:235249] Color LCD preferred device: AMD Radeon Pro Vega 20 (high power)
2021-10-21 16:42:39.323 Unity[4719:235249] Metal devices available: 2
2021-10-21 16:42:39.323 Unity[4719:235249] 0: AMD Radeon Pro Vega 20 (high power)
2021-10-21 16:42:39.323 Unity[4719:235249] 1: Intel(R) UHD Graphics 630 (low power)
2021-10-21 16:42:39.324 Unity[4719:235249] Using device AMD Radeon Pro Vega 20 (high power)
Initializing Metal device caps: AMD Radeon Pro Vega 20
Initialize mono
Mono path[0] = '/Users/kuanyiwu/Documents/GitHub/2020.3.13f1/Unity.app/Contents/Managed'
Mono path[1] = '/Users/kuanyiwu/Documents/GitHub/2020.3.13f1/Unity.app/Contents/MonoBleedingEdge/lib/mono/unityjit'
Mono config path = '/Users/kuanyiwu/Documents/GitHub/2020.3.13f1/Unity.app/Contents/MonoBleedingEdge/etc'
Using monoOptions --debugger-agent=transport=dt_socket,embedding=1,server=y,suspend=n,address=127.0.0.1:56719
Begin MonoManager ReloadAssembly
Registering precompiled unity dll's ...
Register platform support module: /Users/kuanyiwu/Documents/GitHub/2020.3.13f1/Unity.app/Contents/PlaybackEngines/MacStandaloneSupport/UnityEditor.OSXStandalone.Extensions.dll
Registered in 0.002291 seconds.
Native extension for OSXStandalone target not found
Refreshing native plugins compatible for Editor in 23.72 ms, found 2 plugins.
Preloading 0 native plugins for Editor in 0.00 ms.
Mono: successfully reloaded assembly
- Completed reload, in  4.873 seconds
Platform modules already initialized, skipping
Registering precompiled user dll's ...
Registered in 0.006412 seconds.
Begin MonoManager ReloadAssembly
Native extension for OSXStandalone target not found
Refreshing native plugins compatible for Editor in 0.40 ms, found 2 plugins.
Preloading 0 native plugins for Editor in 0.00 ms.
Mono: successfully reloaded assembly
- Completed reload, in  1.103 seconds
Platform modules already initialized, skipping
========================================================================
Worker process is ready to serve import requests
Launching external process: /Users/kuanyiwu/Documents/GitHub/2020.3.13f1/Unity.app/Contents/Tools/UnityShaderCompiler
Launched and connected shader compiler UnityShaderCompiler after 0.01 seconds
Refreshing native plugins compatible for Editor in 0.32 ms, found 2 plugins.
Preloading 0 native plugins for Editor in 0.00 ms.
Unloading 1395 Unused Serialized files (Serialized files now loaded: 0)
System memory in use before: 140.8 MB.
System memory in use after: 140.8 MB.

Unloading 19 unused Assets to reduce memory usage. Loaded Objects now: 1829.
Total: 1.981756 ms (FindLiveObjects: 0.185639 ms CreateObjectMapping: 0.059647 ms MarkObjects: 1.658902 ms  DeleteObjects: 0.076892 ms)

AssetImportParameters requested are different than current active one (requested -> active):
  custom:video-decoder-ogg-theora: a1e56fd34408186e4bbccfd4996cb3dc -> 
  custom:container-muxer-webm: aa71ff27fc2769a1b78a27578f13a17b -> 
  custom:container-demuxer-webm: 4f35f7cbe854078d1ac9338744f61a02 -> 
  custom:container-demuxer-ogg: 62fdf1f143b41e24485cea50d1cbac27 -> 
  custom:video-encoder-webm-vp8: eb34c28f22e8b96e1ab97ce403110664 -> 
  custom:framework-osx-AVFoundation: e770b220cccbd017edd2c1fefb359320 -> 
  custom:video-decoder-webm-vp8: 9c59270c3fd7afecdb556c50c9e8de78 -> 
  custom:audio-decoder-ogg-vorbis: bf7c407c2cedff20999df2af8eb42d56 -> 
  custom:audio-encoder-webm-vorbis: bf7c407c2cedff20999df2af8eb42d56 -> 
========================================================================
Received Import Request.
  path: Assets/Fonts
  artifactKey: Guid(0459c8546701048298b6218be01e2b2e) Importer(815301076,1909f56bfc062723c751e8b465ee728b)
Start importing Assets/Fonts using Guid(0459c8546701048298b6218be01e2b2e) Importer(815301076,1909f56bfc062723c751e8b465ee728b)  -> (artifact id: 'deb3efc7a657250e49404322c9e3756f') in 0.006064 seconds 
  Import took 0.009669 seconds .

========================================================================
Received Import Request.
  Time since last request: 193.113778 seconds.
  path: Assets/Fonts/Affirmative Italic.otf
  artifactKey: Guid(eded8710864bb45ff8f3af8428e84c3a) Importer(815301076,1909f56bfc062723c751e8b465ee728b)
Start importing Assets/Fonts/Affirmative Italic.otf using Guid(eded8710864bb45ff8f3af8428e84c3a) Importer(815301076,1909f56bfc062723c751e8b465ee728b)  -> (artifact id: '8381f4616f3bd81bfce31c8a63c7c515') in 2.505228 seconds 
  Import took 2.508053 seconds .

========================================================================
Received Import Request.
  Time since last request: 0.000184 seconds.
  path: Assets/Fonts/Affirmative Italic.ttf
  artifactKey: Guid(b0f4db94638cd4259b259015dbb211b7) Importer(815301076,1909f56bfc062723c751e8b465ee728b)
Start importing Assets/Fonts/Affirmative Italic.ttf using Guid(b0f4db94638cd4259b259015dbb211b7) Importer(815301076,1909f56bfc062723c751e8b465ee728b)  -> (artifact id: '06d33d285da541a24e0b68c936ba2722') in 1.959379 seconds 
  Import took 1.962139 seconds .

========================================================================
Received Import Request.
  Time since last request: 0.000258 seconds.
  path: Assets/Fonts/Affirmative.otf
  artifactKey: Guid(4af2bcb969dbb4cd69f6edd55c140faf) Importer(815301076,1909f56bfc062723c751e8b465ee728b)
Start importing Assets/Fonts/Affirmative.otf using Guid(4af2bcb969dbb4cd69f6edd55c140faf) Importer(815301076,1909f56bfc062723c751e8b465ee728b)  -> (artifact id: '1f9731f9f3a538c2620345d94b916812') in 0.017174 seconds 
  Import took 0.020651 seconds .

========================================================================
Received Import Request.
  Time since last request: 0.000304 seconds.
  path: Assets/Fonts/Affirmative Italic.otf
  artifactKey: Guid(eded8710864bb45ff8f3af8428e84c3a) Importer(815301076,1909f56bfc062723c751e8b465ee728b)
Start importing Assets/Fonts/Affirmative Italic.otf using Guid(eded8710864bb45ff8f3af8428e84c3a) Importer(815301076,1909f56bfc062723c751e8b465ee728b)  -> (artifact id: '8381f4616f3bd81bfce31c8a63c7c515') in 0.010864 seconds 
  Import took 0.014599 seconds .

========================================================================
Received Import Request.
  Time since last request: 0.000516 seconds.
  path: Assets/Fonts/Affirmative.ttf
  artifactKey: Guid(53f26b26e4df64d56805d71b33c4e01d) Importer(815301076,1909f56bfc062723c751e8b465ee728b)
Start importing Assets/Fonts/Affirmative.ttf using Guid(53f26b26e4df64d56805d71b33c4e01d) Importer(815301076,1909f56bfc062723c751e8b465ee728b)  -> (artifact id: '7a98024eddef1fccd405ca344257dc57') in 0.010588 seconds 
  Import took 0.013960 seconds .

========================================================================
Received Import Request.
  Time since last request: 311.233172 seconds.
  path: Assets/Fonts/Affirmative Italic SDF.asset
  artifactKey: Guid(1193e9ca8e81b46d0a9fb0a64a0d791d) Importer(815301076,1909f56bfc062723c751e8b465ee728b)
Start importing Assets/Fonts/Affirmative Italic SDF.asset using Guid(1193e9ca8e81b46d0a9fb0a64a0d791d) Importer(815301076,1909f56bfc062723c751e8b465ee728b) Shader 'TextMeshPro/Distance Field': fallback shader 'TextMeshPro/Mobile/Distance Field' not found
 -> (artifact id: 'cc78c667ab0f8aa34ed337fb06e7237f') in 1.502398 seconds 
  Import took 1.508022 seconds .

========================================================================
Received Import Request.
  Time since last request: 24.474866 seconds.
  path: Assets/Fonts/Affirmative SDF.asset
  artifactKey: Guid(eb1f8b917649244d0827883b4f4f07d9) Importer(815301076,1909f56bfc062723c751e8b465ee728b)
Start importing Assets/Fonts/Affirmative SDF.asset using Guid(eb1f8b917649244d0827883b4f4f07d9) Importer(815301076,1909f56bfc062723c751e8b465ee728b) Shader 'TextMeshPro/Distance Field': fallback shader 'TextMeshPro/Mobile/Distance Field' not found
 -> (artifact id: '3f649e27f2ff0241e1f82f41a473e197') in 0.028221 seconds 
  Import took 0.032649 seconds .

========================================================================
Received Import Request.
  Time since last request: 337.306475 seconds.
  path: Assets/Fonts/Affirmative SDF.asset
  artifactKey: Guid(eb1f8b917649244d0827883b4f4f07d9) Importer(815301076,1909f56bfc062723c751e8b465ee728b)
Start importing Assets/Fonts/Affirmative SDF.asset using Guid(eb1f8b917649244d0827883b4f4f07d9) Importer(815301076,1909f56bfc062723c751e8b465ee728b) Shader 'TextMeshPro/Distance Field': fallback shader 'TextMeshPro/Mobile/Distance Field' not found
 -> (artifact id: '7b0e45ec9de282461aeb231e312615fb') in 0.034497 seconds 
  Import took 0.037334 seconds .

========================================================================
Received Import Request.
  Time since last request: 261.932913 seconds.
  path: Assets/UI/shutterstock_1769159636.jpg
  artifactKey: Guid(22eae9e129a5145f6accff785bc8eef8) Importer(815301076,1909f56bfc062723c751e8b465ee728b)
Start importing Assets/UI/shutterstock_1769159636.jpg using Guid(22eae9e129a5145f6accff785bc8eef8) Importer(815301076,1909f56bfc062723c751e8b465ee728b)  -> (artifact id: '812a787a0d5c6eba613e1a361b84003d') in 1.255438 seconds 
  Import took 1.259523 seconds .

========================================================================
Received Import Request.
  Time since last request: 9.355477 seconds.
  path: Assets/UI/shutterstock_1769159636.jpg
  artifactKey: Guid(22eae9e129a5145f6accff785bc8eef8) Importer(815301076,1909f56bfc062723c751e8b465ee728b)
Start importing Assets/UI/shutterstock_1769159636.jpg using Guid(22eae9e129a5145f6accff785bc8eef8) Importer(815301076,1909f56bfc062723c751e8b465ee728b)  -> (artifact id: '49f3e9342176b5de3510b6091b053da2') in 0.041177 seconds 
  Import took 0.044913 seconds .

========================================================================
Received Prepare
Registering precompiled user dll's ...
Registered in 0.004162 seconds.
Begin MonoManager ReloadAssembly
Native extension for OSXStandalone target not found
Refreshing native plugins compatible for Editor in 0.30 ms, found 2 plugins.
Preloading 0 native plugins for Editor in 0.00 ms.
Mono: successfully reloaded assembly
- Completed reload, in  1.213 seconds
Platform modules already initialized, skipping
Refreshing native plugins compatible for Editor in 0.32 ms, found 2 plugins.
Preloading 0 native plugins for Editor in 0.00 ms.
Unloading 1403 Unused Serialized files (Serialized files now loaded: 0)
System memory in use before: 165.2 MB.
System memory in use after: 164.7 MB.

Unloading 25 unused Assets to reduce memory usage. Loaded Objects now: 1883.
Total: 2.321620 ms (FindLiveObjects: 0.270462 ms CreateObjectMapping: 0.063502 ms MarkObjects: 1.661569 ms  DeleteObjects: 0.324998 ms)

AssetImportParameters requested are different than current active one (requested -> active):
  custom:video-decoder-ogg-theora: a1e56fd34408186e4bbccfd4996cb3dc -> 
  custom:container-muxer-webm: aa71ff27fc2769a1b78a27578f13a17b -> 
  custom:container-demuxer-webm: 4f35f7cbe854078d1ac9338744f61a02 -> 
  custom:container-demuxer-ogg: 62fdf1f143b41e24485cea50d1cbac27 -> 
  custom:video-encoder-webm-vp8: eb34c28f22e8b96e1ab97ce403110664 -> 
  custom:framework-osx-AVFoundation: e770b220cccbd017edd2c1fefb359320 -> 
  custom:video-decoder-webm-vp8: 9c59270c3fd7afecdb556c50c9e8de78 -> 
  custom:audio-decoder-ogg-vorbis: bf7c407c2cedff20999df2af8eb42d56 -> 
  custom:audio-encoder-webm-vorbis: bf7c407c2cedff20999df2af8eb42d56 -> 
========================================================================
Received Prepare
Registering precompiled user dll's ...
Registered in 0.004539 seconds.
Begin MonoManager ReloadAssembly
Native extension for OSXStandalone target not found
Refreshing native plugins compatible for Editor in 0.31 ms, found 2 plugins.
Preloading 0 native plugins for Editor in 0.00 ms.
Mono: successfully reloaded assembly
- Completed reload, in  1.127 seconds
Platform modules already initialized, skipping
Refreshing native plugins compatible for Editor in 0.34 ms, found 2 plugins.
Preloading 0 native plugins for Editor in 0.00 ms.
Unloading 1401 Unused Serialized files (Serialized files now loaded: 0)
System memory in use before: 165.2 MB.
System memory in use after: 164.7 MB.

Unloading 25 unused Assets to reduce memory usage. Loaded Objects now: 1886.
Total: 2.109712 ms (FindLiveObjects: 0.159501 ms CreateObjectMapping: 0.045904 ms MarkObjects: 1.600767 ms  DeleteObjects: 0.302674 ms)

AssetImportParameters requested are different than current active one (requested -> active):
  custom:video-decoder-ogg-theora: a1e56fd34408186e4bbccfd4996cb3dc -> 
  custom:container-muxer-webm: aa71ff27fc2769a1b78a27578f13a17b -> 
  custom:container-demuxer-webm: 4f35f7cbe854078d1ac9338744f61a02 -> 
  custom:container-demuxer-ogg: 62fdf1f143b41e24485cea50d1cbac27 -> 
  custom:video-encoder-webm-vp8: eb34c28f22e8b96e1ab97ce403110664 -> 
  custom:framework-osx-AVFoundation: e770b220cccbd017edd2c1fefb359320 -> 
  custom:video-decoder-webm-vp8: 9c59270c3fd7afecdb556c50c9e8de78 -> 
  custom:audio-decoder-ogg-vorbis: bf7c407c2cedff20999df2af8eb42d56 -> 
  custom:audio-encoder-webm-vorbis: bf7c407c2cedff20999df2af8eb42d56 -> 
========================================================================
Received Import Request.
  Time since last request: 2078.101665 seconds.
  path: Assets/UI/shutterstock_1831840903.jpg
  artifactKey: Guid(a2f96fb9094114135b9fafc2afafdbab) Importer(815301076,1909f56bfc062723c751e8b465ee728b)
Start importing Assets/UI/shutterstock_1831840903.jpg using Guid(a2f96fb9094114135b9fafc2afafdbab) Importer(815301076,1909f56bfc062723c751e8b465ee728b)  -> (artifact id: '901fae7ad43d9766aac7488a2383abb6') in 0.044410 seconds 
  Import took 0.047545 seconds .

========================================================================
Received Import Request.
  Time since last request: 0.001857 seconds.
  path: Assets/UI/shutterstock_1831840903.jpg
  artifactKey: Guid(a2f96fb9094114135b9fafc2afafdbab) Importer(815301076,1909f56bfc062723c751e8b465ee728b)
Start importing Assets/UI/shutterstock_1831840903.jpg using Guid(a2f96fb9094114135b9fafc2afafdbab) Importer(815301076,1909f56bfc062723c751e8b465ee728b)  -> (artifact id: '901fae7ad43d9766aac7488a2383abb6') in 0.009755 seconds 
  Import took 0.012300 seconds .

========================================================================
Received Import Request.
  Time since last request: 13.134032 seconds.
  path: Assets/UI/shutterstock_1831840903.jpg
  artifactKey: Guid(a2f96fb9094114135b9fafc2afafdbab) Importer(815301076,1909f56bfc062723c751e8b465ee728b)
Start importing Assets/UI/shutterstock_1831840903.jpg using Guid(a2f96fb9094114135b9fafc2afafdbab) Importer(815301076,1909f56bfc062723c751e8b465ee728b)  -> (artifact id: '768c4e4ada4bd3a0788d371efb69cb5f') in 0.049323 seconds 
  Import took 0.052588 seconds .

========================================================================
Received Prepare
Registering precompiled user dll's ...
Registered in 0.004982 seconds.
Begin MonoManager ReloadAssembly
Native extension for OSXStandalone target not found
Refreshing native plugins compatible for Editor in 0.28 ms, found 2 plugins.
Preloading 0 native plugins for Editor in 0.00 ms.
Mono: successfully reloaded assembly
- Completed reload, in  1.171 seconds
Platform modules already initialized, skipping
Refreshing native plugins compatible for Editor in 0.27 ms, found 2 plugins.
Preloading 0 native plugins for Editor in 0.00 ms.
Unloading 1401 Unused Serialized files (Serialized files now loaded: 0)
System memory in use before: 165.5 MB.
System memory in use after: 165.0 MB.

Unloading 25 unused Assets to reduce memory usage. Loaded Objects now: 1892.
Total: 2.028813 ms (FindLiveObjects: 0.129156 ms CreateObjectMapping: 0.035851 ms MarkObjects: 1.574515 ms  DeleteObjects: 0.288612 ms)

AssetImportParameters requested are different than current active one (requested -> active):
  custom:video-decoder-ogg-theora: a1e56fd34408186e4bbccfd4996cb3dc -> 
  custom:container-muxer-webm: aa71ff27fc2769a1b78a27578f13a17b -> 
  custom:container-demuxer-webm: 4f35f7cbe854078d1ac9338744f61a02 -> 
  custom:container-demuxer-ogg: 62fdf1f143b41e24485cea50d1cbac27 -> 
  custom:video-encoder-webm-vp8: eb34c28f22e8b96e1ab97ce403110664 -> 
  custom:framework-osx-AVFoundation: e770b220cccbd017edd2c1fefb359320 -> 
  custom:video-decoder-webm-vp8: 9c59270c3fd7afecdb556c50c9e8de78 -> 
  custom:audio-decoder-ogg-vorbis: bf7c407c2cedff20999df2af8eb42d56 -> 
  custom:audio-encoder-webm-vorbis: bf7c407c2cedff20999df2af8eb42d56 -> 
========================================================================
Received Prepare
Registering precompiled user dll's ...
Registered in 0.003578 seconds.
Begin MonoManager ReloadAssembly
Native extension for OSXStandalone target not found
Refreshing native plugins compatible for Editor in 0.31 ms, found 2 plugins.
Preloading 0 native plugins for Editor in 0.00 ms.
Mono: successfully reloaded assembly
- Completed reload, in  1.267 seconds
Platform modules already initialized, skipping
Refreshing native plugins compatible for Editor in 0.27 ms, found 2 plugins.
Preloading 0 native plugins for Editor in 0.00 ms.
Unloading 1401 Unused Serialized files (Serialized files now loaded: 0)
System memory in use before: 165.7 MB.
System memory in use after: 165.2 MB.

Unloading 25 unused Assets to reduce memory usage. Loaded Objects now: 1895.
Total: 1.771206 ms (FindLiveObjects: 0.126580 ms CreateObjectMapping: 0.032633 ms MarkObjects: 1.346287 ms  DeleteObjects: 0.265173 ms)

AssetImportParameters requested are different than current active one (requested -> active):
  custom:video-decoder-ogg-theora: a1e56fd34408186e4bbccfd4996cb3dc -> 
  custom:container-muxer-webm: aa71ff27fc2769a1b78a27578f13a17b -> 
  custom:container-demuxer-webm: 4f35f7cbe854078d1ac9338744f61a02 -> 
  custom:container-demuxer-ogg: 62fdf1f143b41e24485cea50d1cbac27 -> 
  custom:video-encoder-webm-vp8: eb34c28f22e8b96e1ab97ce403110664 -> 
  custom:framework-osx-AVFoundation: e770b220cccbd017edd2c1fefb359320 -> 
  custom:video-decoder-webm-vp8: 9c59270c3fd7afecdb556c50c9e8de78 -> 
  custom:audio-decoder-ogg-vorbis: bf7c407c2cedff20999df2af8eb42d56 -> 
  custom:audio-encoder-webm-vorbis: bf7c407c2cedff20999df2af8eb42d56 -> 
========================================================================
Received Prepare
Registering precompiled user dll's ...
Registered in 0.003657 seconds.
Begin MonoManager ReloadAssembly
Native extension for OSXStandalone target not found
Refreshing native plugins compatible for Editor in 0.39 ms, found 2 plugins.
Preloading 0 native plugins for Editor in 0.00 ms.
Mono: successfully reloaded assembly
- Completed reload, in  1.101 seconds
Platform modules already initialized, skipping
Refreshing native plugins compatible for Editor in 0.29 ms, found 2 plugins.
Preloading 0 native plugins for Editor in 0.00 ms.
Unloading 1401 Unused Serialized files (Serialized files now loaded: 0)
System memory in use before: 165.9 MB.
System memory in use after: 165.4 MB.

Unloading 25 unused Assets to reduce memory usage. Loaded Objects now: 1898.
Total: 2.292942 ms (FindLiveObjects: 0.204060 ms CreateObjectMapping: 0.053558 ms MarkObjects: 1.646524 ms  DeleteObjects: 0.387932 ms)

AssetImportParameters requested are different than current active one (requested -> active):
  custom:video-decoder-ogg-theora: a1e56fd34408186e4bbccfd4996cb3dc -> 
  custom:container-muxer-webm: aa71ff27fc2769a1b78a27578f13a17b -> 
  custom:container-demuxer-webm: 4f35f7cbe854078d1ac9338744f61a02 -> 
  custom:container-demuxer-ogg: 62fdf1f143b41e24485cea50d1cbac27 -> 
  custom:video-encoder-webm-vp8: eb34c28f22e8b96e1ab97ce403110664 -> 
  custom:framework-osx-AVFoundation: e770b220cccbd017edd2c1fefb359320 -> 
  custom:video-decoder-webm-vp8: 9c59270c3fd7afecdb556c50c9e8de78 -> 
  custom:audio-decoder-ogg-vorbis: bf7c407c2cedff20999df2af8eb42d56 -> 
  custom:audio-encoder-webm-vorbis: bf7c407c2cedff20999df2af8eb42d56 -> 
========================================================================
Received Prepare
Registering precompiled user dll's ...
Registered in 0.008542 seconds.
Begin MonoManager ReloadAssembly
Native extension for OSXStandalone target not found
Refreshing native plugins compatible for Editor in 0.33 ms, found 2 plugins.
Preloading 0 native plugins for Editor in 0.00 ms.
Mono: successfully reloaded assembly
- Completed reload, in  1.140 seconds
Platform modules already initialized, skipping
Refreshing native plugins compatible for Editor in 0.27 ms, found 2 plugins.
Preloading 0 native plugins for Editor in 0.00 ms.
Unloading 1401 Unused Serialized files (Serialized files now loaded: 0)
System memory in use before: 166.1 MB.
System memory in use after: 165.7 MB.

Unloading 25 unused Assets to reduce memory usage. Loaded Objects now: 1901.
Total: 1.717395 ms (FindLiveObjects: 0.132257 ms CreateObjectMapping: 0.035837 ms MarkObjects: 1.291613 ms  DeleteObjects: 0.257073 ms)

AssetImportParameters requested are different than current active one (requested -> active):
  custom:video-decoder-ogg-theora: a1e56fd34408186e4bbccfd4996cb3dc -> 
  custom:container-muxer-webm: aa71ff27fc2769a1b78a27578f13a17b -> 
  custom:container-demuxer-webm: 4f35f7cbe854078d1ac9338744f61a02 -> 
  custom:container-demuxer-ogg: 62fdf1f143b41e24485cea50d1cbac27 -> 
  custom:video-encoder-webm-vp8: eb34c28f22e8b96e1ab97ce403110664 -> 
  custom:framework-osx-AVFoundation: e770b220cccbd017edd2c1fefb359320 -> 
  custom:video-decoder-webm-vp8: 9c59270c3fd7afecdb556c50c9e8de78 -> 
  custom:audio-decoder-ogg-vorbis: bf7c407c2cedff20999df2af8eb42d56 -> 
  custom:audio-encoder-webm-vorbis: bf7c407c2cedff20999df2af8eb42d56 -> 
========================================================================
Received Prepare
Registering precompiled user dll's ...
Registered in 0.003308 seconds.
Begin MonoManager ReloadAssembly
Native extension for OSXStandalone target not found
Refreshing native plugins compatible for Editor in 0.32 ms, found 2 plugins.
Preloading 0 native plugins for Editor in 0.00 ms.
Mono: successfully reloaded assembly
- Completed reload, in  1.159 seconds
Platform modules already initialized, skipping
Refreshing native plugins compatible for Editor in 0.31 ms, found 2 plugins.
Preloading 0 native plugins for Editor in 0.00 ms.
Unloading 1401 Unused Serialized files (Serialized files now loaded: 0)
System memory in use before: 166.3 MB.
System memory in use after: 165.9 MB.

Unloading 25 unused Assets to reduce memory usage. Loaded Objects now: 1904.
Total: 2.202461 ms (FindLiveObjects: 0.173034 ms CreateObjectMapping: 0.042275 ms MarkObjects: 1.669113 ms  DeleteObjects: 0.317114 ms)

AssetImportParameters requested are different than current active one (requested -> active):
  custom:video-decoder-ogg-theora: a1e56fd34408186e4bbccfd4996cb3dc -> 
  custom:container-muxer-webm: aa71ff27fc2769a1b78a27578f13a17b -> 
  custom:container-demuxer-webm: 4f35f7cbe854078d1ac9338744f61a02 -> 
  custom:container-demuxer-ogg: 62fdf1f143b41e24485cea50d1cbac27 -> 
  custom:video-encoder-webm-vp8: eb34c28f22e8b96e1ab97ce403110664 -> 
  custom:framework-osx-AVFoundation: e770b220cccbd017edd2c1fefb359320 -> 
  custom:video-decoder-webm-vp8: 9c59270c3fd7afecdb556c50c9e8de78 -> 
  custom:audio-decoder-ogg-vorbis: bf7c407c2cedff20999df2af8eb42d56 -> 
  custom:audio-encoder-webm-vorbis: bf7c407c2cedff20999df2af8eb42d56 -> 
========================================================================
Received Prepare
Registering precompiled user dll's ...
Registered in 0.005189 seconds.
Begin MonoManager ReloadAssembly
Native extension for OSXStandalone target not found
Refreshing native plugins compatible for Editor in 0.26 ms, found 2 plugins.
Preloading 0 native plugins for Editor in 0.00 ms.
Mono: successfully reloaded assembly
- Completed reload, in  1.007 seconds
Platform modules already initialized, skipping
Refreshing native plugins compatible for Editor in 0.26 ms, found 2 plugins.
Preloading 0 native plugins for Editor in 0.00 ms.
Unloading 1401 Unused Serialized files (Serialized files now loaded: 0)
System memory in use before: 166.6 MB.
System memory in use after: 166.1 MB.

Unloading 25 unused Assets to reduce memory usage. Loaded Objects now: 1907.
Total: 2.254883 ms (FindLiveObjects: 0.142273 ms CreateObjectMapping: 0.037464 ms MarkObjects: 1.808636 ms  DeleteObjects: 0.265748 ms)

AssetImportParameters requested are different than current active one (requested -> active):
  custom:video-decoder-ogg-theora: a1e56fd34408186e4bbccfd4996cb3dc -> 
  custom:container-muxer-webm: aa71ff27fc2769a1b78a27578f13a17b -> 
  custom:container-demuxer-webm: 4f35f7cbe854078d1ac9338744f61a02 -> 
  custom:container-demuxer-ogg: 62fdf1f143b41e24485cea50d1cbac27 -> 
  custom:video-encoder-webm-vp8: eb34c28f22e8b96e1ab97ce403110664 -> 
  custom:framework-osx-AVFoundation: e770b220cccbd017edd2c1fefb359320 -> 
  custom:video-decoder-webm-vp8: 9c59270c3fd7afecdb556c50c9e8de78 -> 
  custom:audio-decoder-ogg-vorbis: bf7c407c2cedff20999df2af8eb42d56 -> 
  custom:audio-encoder-webm-vorbis: bf7c407c2cedff20999df2af8eb42d56 -> 
========================================================================
Received Import Request.
  Time since last request: 3093.938596 seconds.
  path: Assets/Scenes/FindingLife.unity
  artifactKey: Guid(9fc0d4010bbf28b4594072e72b8655ab) Importer(815301076,1909f56bfc062723c751e8b465ee728b)
Start importing Assets/Scenes/FindingLife.unity using Guid(9fc0d4010bbf28b4594072e72b8655ab) Importer(815301076,1909f56bfc062723c751e8b465ee728b)  -> (artifact id: '2d804bc63a93020a5a4930c6bbf4d2e3') in 0.017360 seconds 
  Import took 0.020032 seconds .

========================================================================
Received Import Request.
  Time since last request: 16.148681 seconds.
  path: Assets/Prefab/curiosity.prefab
  artifactKey: Guid(155e7f5a340e643f8b7a16c90c9e561d) Importer(815301076,1909f56bfc062723c751e8b465ee728b)
Start importing Assets/Prefab/curiosity.prefab using Guid(155e7f5a340e643f8b7a16c90c9e561d) Importer(815301076,1909f56bfc062723c751e8b465ee728b)  -> (artifact id: '99cb4f887ac6124e9768a779272a6eec') in 0.505146 seconds 
  Import took 0.510505 seconds .

========================================================================
Received Import Request.
  Time since last request: 2.147462 seconds.
  path: Assets/Prefab/Mud.prefab
  artifactKey: Guid(23cb6755cef244720b9c14d511de7785) Importer(815301076,1909f56bfc062723c751e8b465ee728b)
Start importing Assets/Prefab/Mud.prefab using Guid(23cb6755cef244720b9c14d511de7785) Importer(815301076,1909f56bfc062723c751e8b465ee728b)  -> (artifact id: '58e6f9760d8a9849e69f0332c7372954') in 0.054677 seconds 
  Import took 0.058414 seconds .

========================================================================
Received Import Request.
  Time since last request: 0.002514 seconds.
  path: Assets/Prefab/Mud.prefab
  artifactKey: Guid(23cb6755cef244720b9c14d511de7785) Importer(815301076,1909f56bfc062723c751e8b465ee728b)
Start importing Assets/Prefab/Mud.prefab using Guid(23cb6755cef244720b9c14d511de7785) Importer(815301076,1909f56bfc062723c751e8b465ee728b)  -> (artifact id: '58e6f9760d8a9849e69f0332c7372954') in 0.035352 seconds 
  Import took 0.038020 seconds .

========================================================================
Received Import Request.
  Time since last request: 6.273001 seconds.
  path: Assets/Prefab/UI Status.prefab
  artifactKey: Guid(7c2d4b6110b6b4f93a03e866e63b7d7a) Importer(815301076,1909f56bfc062723c751e8b465ee728b)
Start importing Assets/Prefab/UI Status.prefab using Guid(7c2d4b6110b6b4f93a03e866e63b7d7a) Importer(815301076,1909f56bfc062723c751e8b465ee728b)  -> (artifact id: 'dce227ec4401f87b59ba5ce39d7aa678') in 0.029425 seconds 
  Import took 0.032522 seconds .

========================================================================
Received Import Request.
  Time since last request: 4.176707 seconds.
  path: Assets/Prefab/Carbon.prefab
  artifactKey: Guid(cac5d3befda564248bff1652aba58dc8) Importer(815301076,1909f56bfc062723c751e8b465ee728b)
Start importing Assets/Prefab/Carbon.prefab using Guid(cac5d3befda564248bff1652aba58dc8) Importer(815301076,1909f56bfc062723c751e8b465ee728b)  -> (artifact id: 'a63f66a12d22818cb28bee394d77a34b') in 0.027998 seconds 
  Import took 0.030849 seconds .

========================================================================
Received Import Request.
  Time since last request: 2.327194 seconds.
  path: Assets/Prefab/Hydrogen.prefab
  artifactKey: Guid(b49f82a09d57f491ca4e4738a55d1a39) Importer(815301076,1909f56bfc062723c751e8b465ee728b)
Start importing Assets/Prefab/Hydrogen.prefab using Guid(b49f82a09d57f491ca4e4738a55d1a39) Importer(815301076,1909f56bfc062723c751e8b465ee728b)  -> (artifact id: '3982d01966c641dc79135777a795d556') in 0.023557 seconds 
  Import took 0.028141 seconds .

========================================================================
Received Import Request.
  Time since last request: 1.949761 seconds.
  path: Assets/Prefab/Nitrogen.prefab
  artifactKey: Guid(53ce978aedcdc40e3a5b36b993317acc) Importer(815301076,1909f56bfc062723c751e8b465ee728b)
Start importing Assets/Prefab/Nitrogen.prefab using Guid(53ce978aedcdc40e3a5b36b993317acc) Importer(815301076,1909f56bfc062723c751e8b465ee728b)  -> (artifact id: '34f94e47d17d8875391f508958c3dd60') in 0.021787 seconds 
  Import took 0.025060 seconds .

========================================================================
Received Import Request.
  Time since last request: 2.114536 seconds.
  path: Assets/Prefab/Oxygen.prefab
  artifactKey: Guid(4bb71198be0ca44248d09d21c26209ad) Importer(815301076,1909f56bfc062723c751e8b465ee728b)
Start importing Assets/Prefab/Oxygen.prefab using Guid(4bb71198be0ca44248d09d21c26209ad) Importer(815301076,1909f56bfc062723c751e8b465ee728b)  -> (artifact id: 'e9932427b4270e3609deca9f92d758d7') in 0.024439 seconds 
  Import took 0.027873 seconds .

========================================================================
Received Import Request.
  Time since last request: 2.202114 seconds.
  path: Assets/Prefab/Phosphorous.prefab
  artifactKey: Guid(d40981f60e93c41638955244b543b026) Importer(815301076,1909f56bfc062723c751e8b465ee728b)
Start importing Assets/Prefab/Phosphorous.prefab using Guid(d40981f60e93c41638955244b543b026) Importer(815301076,1909f56bfc062723c751e8b465ee728b)  -> (artifact id: '70a6dcf5614ad3b259557fb0c0d6e3d9') in 0.021262 seconds 
  Import took 0.024502 seconds .

========================================================================
Received Import Request.
  Time since last request: 0.008435 seconds.
  path: Assets/Prefab/Phosphorous.prefab
  artifactKey: Guid(d40981f60e93c41638955244b543b026) Importer(815301076,1909f56bfc062723c751e8b465ee728b)
Start importing Assets/Prefab/Phosphorous.prefab using Guid(d40981f60e93c41638955244b543b026) Importer(815301076,1909f56bfc062723c751e8b465ee728b)  -> (artifact id: '70a6dcf5614ad3b259557fb0c0d6e3d9') in 0.015820 seconds 
  Import took 0.018984 seconds .

========================================================================
Received Import Request.
  Time since last request: 1.882272 seconds.
  path: Assets/Prefab/Sulfur.prefab
  artifactKey: Guid(ae06daca4638e413d83decd9d1fb2ab9) Importer(815301076,1909f56bfc062723c751e8b465ee728b)
Start importing Assets/Prefab/Sulfur.prefab using Guid(ae06daca4638e413d83decd9d1fb2ab9) Importer(815301076,1909f56bfc062723c751e8b465ee728b)  -> (artifact id: '23a6ac066900b076bc30048eac941206') in 0.026518 seconds 
  Import took 0.029924 seconds .

========================================================================
Received Import Request.
  Time since last request: 315.439259 seconds.
  path: Assets/Prefab/Win_Canvas.prefab
  artifactKey: Guid(c3ad6fb8804f0465d8842ca2d21b2028) Importer(815301076,1909f56bfc062723c751e8b465ee728b)
Start importing Assets/Prefab/Win_Canvas.prefab using Guid(c3ad6fb8804f0465d8842ca2d21b2028) Importer(815301076,1909f56bfc062723c751e8b465ee728b)  -> (artifact id: '16bc8285582b0bb270be4e9ce05592d9') in 0.088809 seconds 
  Import took 0.092027 seconds .

========================================================================
Received Import Request.
  Time since last request: 0.146469 seconds.
  path: Assets/Prefab/Win_Canvas.prefab
  artifactKey: Guid(c3ad6fb8804f0465d8842ca2d21b2028) Importer(815301076,1909f56bfc062723c751e8b465ee728b)
Start importing Assets/Prefab/Win_Canvas.prefab using Guid(c3ad6fb8804f0465d8842ca2d21b2028) Importer(815301076,1909f56bfc062723c751e8b465ee728b)  -> (artifact id: '16bc8285582b0bb270be4e9ce05592d9') in 0.029336 seconds 
  Import took 0.032080 seconds .

========================================================================
Received Prepare
Registering precompiled user dll's ...
Registered in 0.006151 seconds.
Begin MonoManager ReloadAssembly
Native extension for OSXStandalone target not found
Refreshing native plugins compatible for Editor in 0.43 ms, found 2 plugins.
Preloading 0 native plugins for Editor in 0.00 ms.
Mono: successfully reloaded assembly
- Completed reload, in  1.140 seconds
Platform modules already initialized, skipping
Refreshing native plugins compatible for Editor in 0.28 ms, found 2 plugins.
Preloading 0 native plugins for Editor in 0.00 ms.
Unloading 1401 Unused Serialized files (Serialized files now loaded: 0)
System memory in use before: 171.4 MB.
System memory in use after: 170.9 MB.

Unloading 26 unused Assets to reduce memory usage. Loaded Objects now: 1912.
Total: 2.045734 ms (FindLiveObjects: 0.141757 ms CreateObjectMapping: 0.036935 ms MarkObjects: 1.560068 ms  DeleteObjects: 0.306190 ms)

AssetImportParameters requested are different than current active one (requested -> active):
  custom:video-decoder-ogg-theora: a1e56fd34408186e4bbccfd4996cb3dc -> 
  custom:container-muxer-webm: aa71ff27fc2769a1b78a27578f13a17b -> 
  custom:container-demuxer-webm: 4f35f7cbe854078d1ac9338744f61a02 -> 
  custom:container-demuxer-ogg: 62fdf1f143b41e24485cea50d1cbac27 -> 
  custom:video-encoder-webm-vp8: eb34c28f22e8b96e1ab97ce403110664 -> 
  custom:framework-osx-AVFoundation: e770b220cccbd017edd2c1fefb359320 -> 
  custom:video-decoder-webm-vp8: 9c59270c3fd7afecdb556c50c9e8de78 -> 
  custom:audio-decoder-ogg-vorbis: bf7c407c2cedff20999df2af8eb42d56 -> 
  custom:audio-encoder-webm-vorbis: bf7c407c2cedff20999df2af8eb42d56 -> 
